<?xml version="1.0" encoding="UTF-8"?>
<!-- Generated by org.testng.reporters.JUnitReportReporter -->
<testsuite hostname="User" failures="0" tests="6" name="test.LoginFunctionalityTest" time="88.890" errors="0" timestamp="2022-01-16T11:55:38 EST" skipped="0">
  <testcase classname="test.LoginFunctionalityTest" name="negativeLoginFunctionalityTest" time="19.198"/>
  <system-out/>
  <testcase classname="test.LoginFunctionalityTest" name="positiveLoginFunctionalityTest" time="17.326"/>
  <system-out/>
  <testcase classname="test.LoginFunctionalityTest" name="positiveLoginFunctionalityTest" time="16.798"/>
  <system-out/>
  <testcase classname="test.LoginFunctionalityTest" name="positiveLoginFunctionalityTest" time="11.592"/>
  <system-out/>
  <testcase classname="test.LoginFunctionalityTest" name="negativeLoginFunctionalityTest" time="11.291"/>
  <system-out/>
  <testcase classname="test.LoginFunctionalityTest" name="negativeLoginFunctionalityTest" time="12.685"/>
  <system-out/>
</testsuite> <!-- test.LoginFunctionalityTest -->
